TN:
SF:src/app/components/agency/index.ts
FNF:0
FNH:0
DA:1,1
LF:1
LH:1
BRF:0
BRH:0
end_of_record
TN:
SF:src/app/components/agency/agency.component.ts
FN:16,(anonymous_1)
FN:23,AgencyComponent
FN:29,(anonymous_3)
FN:33,(anonymous_4)
FN:35,(anonymous_5)
FN:44,(anonymous_6)
FN:55,(anonymous_7)
FN:61,(anonymous_8)
FN:65,(anonymous_9)
FNF:9
FNH:1
FNDA:1,(anonymous_1)
FNDA:0,AgencyComponent
FNDA:0,(anonymous_3)
FNDA:0,(anonymous_4)
FNDA:0,(anonymous_5)
FNDA:0,(anonymous_6)
FNDA:0,(anonymous_7)
FNDA:0,(anonymous_8)
FNDA:0,(anonymous_9)
DA:1,1
DA:2,1
DA:4,1
DA:7,1
DA:16,2
DA:18,0
DA:23,1
DA:24,0
DA:25,0
DA:26,0
DA:29,1
DA:30,0
DA:33,1
DA:34,0
DA:36,0
DA:38,0
DA:40,0
DA:43,0
DA:45,0
DA:46,0
DA:55,1
DA:56,0
DA:57,0
DA:58,0
DA:61,1
DA:62,0
DA:65,1
DA:66,0
DA:69,0
DA:70,0
DA:71,0
DA:74,1
LF:32
LH:12
BRDA:38,1,0,0
BRDA:38,1,1,0
BRDA:58,2,0,0
BRDA:58,2,1,0
BRDA:69,3,0,0
BRDA:69,3,1,0
BRDA:24,4,0,1
BRDA:24,4,1,1
BRDA:24,4,2,0
BRDA:24,5,0,1
BRDA:24,5,1,1
BRDA:25,6,0,1
BRDA:25,6,1,1
BRDA:25,6,2,0
BRDA:25,7,0,1
BRDA:25,7,1,1
BRF:16
BRH:8
end_of_record
TN:
SF:src/app/services/agency/index.ts
FNF:0
FNH:0
DA:1,1
LF:1
LH:1
BRF:0
BRH:0
end_of_record
TN:
SF:src/app/services/agency/agency.service.ts
FN:7,(anonymous_1)
FN:10,AgencyService
FN:14,(anonymous_3)
FN:15,(anonymous_4)
FN:18,(anonymous_5)
FN:23,(anonymous_6)
FNF:6
FNH:2
FNDA:1,(anonymous_1)
FNDA:15,AgencyService
FNDA:0,(anonymous_3)
FNDA:0,(anonymous_4)
FNDA:0,(anonymous_5)
FNDA:0,(anonymous_6)
DA:1,1
DA:2,1
DA:4,1
DA:7,2
DA:10,16
DA:14,1
DA:15,0
DA:18,1
DA:19,0
DA:20,0
DA:23,1
DA:24,0
DA:26,1
LF:13
LH:9
BRDA:11,1,0,15
BRDA:11,1,1,15
BRF:2
BRH:2
end_of_record
TN:
SF:src/app/services/api/index.ts
FNF:0
FNH:0
DA:1,1
LF:1
LH:1
BRF:0
BRH:0
end_of_record
TN:
SF:src/app/services/api/api.service.ts
FN:9,(anonymous_1)
FN:11,ApiService
FN:13,(anonymous_3)
FN:18,(anonymous_4)
FNF:4
FNH:2
FNDA:1,(anonymous_1)
FNDA:15,ApiService
FNDA:0,(anonymous_3)
FNDA:0,(anonymous_4)
DA:1,1
DA:2,1
DA:5,1
DA:9,2
DA:11,15
DA:13,1
DA:15,0
DA:17,0
DA:19,0
DA:23,1
LF:10
LH:7
BRF:0
BRH:0
end_of_record
TN:
SF:src/app/services/seo/index.ts
FNF:0
FNH:0
DA:1,1
LF:1
LH:1
BRF:0
BRH:0
end_of_record
TN:
SF:src/app/services/seo/seo.service.ts
FN:7,(anonymous_1)
FN:16,SeoService
FN:25,(anonymous_3)
FN:29,(anonymous_4)
FN:35,(anonymous_5)
FN:39,(anonymous_6)
FN:43,(anonymous_7)
FN:47,(anonymous_8)
FN:51,(anonymous_9)
FNF:9
FNH:6
FNDA:1,(anonymous_1)
FNDA:16,SeoService
FNDA:0,(anonymous_3)
FNDA:14,(anonymous_4)
FNDA:0,(anonymous_5)
FNDA:13,(anonymous_6)
FNDA:0,(anonymous_7)
FNDA:13,(anonymous_8)
FNDA:32,(anonymous_9)
DA:1,1
DA:2,1
DA:3,1
DA:7,2
DA:16,1
DA:17,16
DA:18,16
DA:19,16
DA:20,16
DA:21,16
DA:22,16
DA:25,1
DA:26,0
DA:29,14
DA:30,14
DA:31,13
DA:32,14
DA:35,1
DA:36,0
DA:39,1
DA:40,13
DA:43,1
DA:44,0
DA:47,1
DA:48,13
DA:51,1
DA:52,32
DA:53,32
DA:54,32
DA:55,2
DA:56,2
DA:57,2
DA:59,32
DA:61,1
LF:34
LH:31
BRDA:29,1,0,0
BRDA:29,1,1,14
BRDA:30,2,0,13
BRDA:30,2,1,1
BRDA:54,3,0,2
BRDA:54,3,1,30
BRF:6
BRH:5
end_of_record
TN:
SF:src/app/pipes/language-icon/index.ts
FNF:0
FNH:0
DA:1,1
DA:2,1
LF:2
LH:2
BRF:0
BRH:0
end_of_record
TN:
SF:src/app/pipes/language-icon/language-icon.pipe.ts
FN:8,(anonymous_1)
FN:10,(anonymous_3)
FN:15,(anonymous_4)
FNF:3
FNH:3
FNDA:22,(anonymous_1)
FNDA:19,(anonymous_3)
FNDA:17,(anonymous_4)
DA:1,1
DA:2,1
DA:8,3
DA:10,1
DA:11,19
DA:12,19
DA:15,1
DA:16,17
DA:18,17
DA:20,1
DA:21,1
DA:23,1
DA:24,1
DA:26,15
DA:29,17
DA:30,16
DA:32,1
DA:35,1
LF:18
LH:18
BRDA:19,1,0,1
BRDA:19,1,1,1
BRDA:19,1,2,15
BRDA:29,2,0,16
BRDA:29,2,1,1
BRF:5
BRH:5
end_of_record
TN:
SF:src/app/pipes/language-icon/language-list.ts
FNF:0
FNH:0
DA:1,1
LF:1
LH:1
BRF:0
BRH:0
end_of_record
TN:
SF:src/app/pipes/pluralize/index.ts
FNF:0
FNH:0
DA:1,1
LF:1
LH:1
BRF:0
BRH:0
end_of_record
TN:
SF:src/app/pipes/pluralize/pluralize.pipe.ts
FN:8,(anonymous_1)
FN:9,(anonymous_3)
FNF:2
FNH:2
FNDA:7,(anonymous_1)
FNDA:3,(anonymous_3)
DA:1,1
DA:2,1
DA:8,3
DA:9,1
DA:10,3
DA:12,3
DA:14,1
LF:7
LH:7
BRF:0
BRH:0
end_of_record
TN:
SF:src/app/components/repo-list/index.ts
FNF:0
FNH:0
DA:1,1
LF:1
LH:1
BRF:0
BRH:0
end_of_record
TN:
SF:src/app/components/repo-list/repo-list.component.ts
FN:14,(anonymous_1)
FN:26,RepoListComponent
FN:28,(anonymous_3)
FN:32,(anonymous_4)
FN:39,(anonymous_5)
FN:47,(anonymous_6)
FN:53,(anonymous_7)
FN:67,(anonymous_8)
FN:75,(anonymous_9)
FN:77,(anonymous_10)
FN:87,(anonymous_11)
FN:93,(anonymous_12)
FN:99,(anonymous_13)
FN:106,(anonymous_14)
FNF:14
FNH:6
FNDA:1,(anonymous_1)
FNDA:3,RepoListComponent
FNDA:1,(anonymous_3)
FNDA:0,(anonymous_4)
FNDA:0,(anonymous_5)
FNDA:0,(anonymous_6)
FNDA:0,(anonymous_7)
FNDA:0,(anonymous_8)
FNDA:0,(anonymous_9)
FNDA:0,(anonymous_10)
FNDA:0,(anonymous_11)
FNDA:3,(anonymous_12)
FNDA:1,(anonymous_13)
FNDA:1,(anonymous_14)
DA:1,1
DA:5,1
DA:7,1
DA:14,2
DA:15,1
DA:16,3
DA:17,3
DA:19,3
DA:21,3
DA:22,3
DA:23,3
DA:26,3
DA:28,1
DA:29,1
DA:32,1
DA:33,0
DA:40,0
DA:41,0
DA:42,0
DA:44,0
DA:48,0
DA:53,1
DA:54,0
DA:55,0
DA:56,0
DA:57,0
DA:59,0
DA:60,0
DA:62,0
DA:67,1
DA:68,0
DA:75,1
DA:76,0
DA:78,0
DA:79,0
DA:80,0
DA:81,0
DA:82,0
DA:87,1
DA:88,0
DA:89,0
DA:90,0
DA:93,1
DA:94,3
DA:95,0
DA:99,1
DA:101,1
DA:102,1
DA:106,1
DA:107,1
DA:109,1
LF:51
LH:27
BRDA:29,1,0,1
BRDA:29,1,1,0
BRDA:40,2,0,0
BRDA:40,2,1,0
BRDA:54,3,0,0
BRDA:54,3,1,0
BRDA:59,4,0,0
BRDA:59,4,1,0
BRDA:94,5,0,0
BRDA:94,5,1,3
BRDA:101,6,0,1
BRDA:101,6,1,0
BRF:12
BRH:3
end_of_record
TN:
SF:src/app/services/search/index.ts
FNF:0
FNH:0
DA:1,1
LF:1
LH:1
BRF:0
BRH:0
end_of_record
TN:
SF:src/app/services/search/search.service.ts
FN:9,(anonymous_1)
FN:11,SearchService
FN:13,(anonymous_3)
FN:18,(anonymous_4)
FNF:4
FNH:3
FNDA:1,(anonymous_1)
FNDA:2,SearchService
FNDA:1,(anonymous_3)
FNDA:0,(anonymous_4)
DA:1,1
DA:2,1
DA:5,1
DA:9,2
DA:11,2
DA:13,1
DA:14,1
DA:15,1
DA:17,1
DA:19,0
DA:23,1
LF:11
LH:10
BRF:0
BRH:0
end_of_record
TN:
SF:src/app/components/repo-list-item/index.ts
FNF:0
FNH:0
DA:1,1
LF:1
LH:1
BRF:0
BRH:0
end_of_record
TN:
SF:src/app/components/repo-list-item/repo-list-item.component.ts
FN:13,(anonymous_1)
FN:16,RepoListItemComponent
FNF:2
FNH:1
FNDA:1,(anonymous_1)
FNDA:0,RepoListItemComponent
DA:1,1
DA:13,2
DA:14,1
DA:16,1
DA:17,1
LF:5
LH:5
BRF:0
BRH:0
end_of_record
TN:
SF:src/app/pipes/truncate/index.ts
FNF:0
FNH:0
DA:1,1
LF:1
LH:1
BRF:0
BRH:0
end_of_record
TN:
SF:src/app/pipes/truncate/truncate.pipe.ts
FN:7,(anonymous_1)
FN:8,(anonymous_3)
FNF:2
FNH:2
FNDA:31,(anonymous_1)
FNDA:13,(anonymous_3)
DA:1,1
DA:7,3
DA:8,1
DA:17,13
DA:18,4
DA:20,9
DA:21,9
DA:23,9
DA:25,1
LF:9
LH:9
BRDA:17,1,0,4
BRDA:17,1,1,9
BRDA:20,2,0,9
BRDA:20,2,1,7
BRDA:23,3,0,6
BRDA:23,3,1,3
BRF:6
BRH:6
end_of_record
TN:
SF:src/app/services/state/state.service.ts
FN:8,(anonymous_1)
FN:11,StateService
FN:16,(anonymous_3)
FN:20,(anonymous_4)
FN:25,(anonymous_5)
FN:31,(anonymous_6)
FN:37,(anonymous_7)
FNF:7
FNH:5
FNDA:1,(anonymous_1)
FNDA:8,StateService
FNDA:16,(anonymous_3)
FNDA:0,(anonymous_4)
FNDA:0,(anonymous_5)
FNDA:1,(anonymous_6)
FNDA:16,(anonymous_7)
DA:1,1
DA:8,2
DA:9,8
DA:11,1
DA:16,1
DA:17,16
DA:21,0
DA:25,1
DA:27,0
DA:28,0
DA:31,1
DA:33,1
DA:37,1
DA:39,16
DA:41,1
LF:15
LH:12
BRDA:28,1,0,0
BRDA:28,1,1,0
BRF:2
BRH:0
end_of_record
TN:
SF:src/app/components/app/app.component.ts
FN:15,(anonymous_1)
FN:18,AppComponent
FN:25,(anonymous_3)
FN:26,(anonymous_4)
FN:34,(anonymous_5)
FNF:5
FNH:5
FNDA:1,(anonymous_1)
FNDA:7,AppComponent
FNDA:7,(anonymous_3)
FNDA:7,(anonymous_4)
FNDA:7,(anonymous_5)
DA:1,1
DA:2,1
DA:3,1
DA:6,1
DA:15,2
DA:18,1
DA:19,7
DA:20,7
DA:21,7
DA:22,7
DA:25,1
DA:26,7
DA:27,7
DA:28,7
DA:30,0
DA:34,1
DA:35,7
DA:37,1
LF:18
LH:17
BRDA:27,1,0,7
BRDA:27,1,1,0
BRDA:35,2,0,7
BRDA:35,2,1,0
BRDA:19,3,0,1
BRDA:19,3,1,1
BRDA:19,3,2,0
BRDA:19,4,0,1
BRDA:19,4,1,1
BRDA:20,5,0,1
BRDA:20,5,1,1
BRDA:20,5,2,0
BRDA:20,6,0,1
BRDA:20,6,1,1
BRDA:21,7,0,1
BRDA:21,7,1,1
BRDA:21,7,2,0
BRDA:21,8,0,1
BRDA:21,8,1,1
BRF:19
BRH:14
end_of_record
TN:
SF:src/app/services/state/index.ts
FNF:0
FNH:0
DA:1,1
LF:1
LH:1
BRF:0
BRH:0
end_of_record
TN:
SF:src/app/components/autocomplete/index.ts
FNF:0
FNH:0
DA:1,1
LF:1
LH:1
BRF:0
BRH:0
end_of_record
TN:
SF:src/app/components/autocomplete/autocomplete.component.ts
FN:14,(anonymous_1)
FN:20,AutocompleteComponent
FN:22,(anonymous_3)
FN:24,(anonymous_4)
FN:34,(anonymous_5)
FN:38,(anonymous_6)
FN:42,(anonymous_7)
FNF:7
FNH:1
FNDA:1,(anonymous_1)
FNDA:0,AutocompleteComponent
FNDA:0,(anonymous_3)
FNDA:0,(anonymous_4)
FNDA:0,(anonymous_5)
FNDA:0,(anonymous_6)
FNDA:0,(anonymous_7)
DA:1,1
DA:6,1
DA:14,2
DA:15,1
DA:16,0
DA:20,1
DA:22,1
DA:23,0
DA:25,0
DA:26,0
DA:27,0
DA:28,0
DA:34,1
DA:35,0
DA:38,1
DA:39,0
DA:42,1
DA:43,0
DA:44,0
DA:47,1
LF:20
LH:10
BRDA:25,1,0,0
BRDA:25,1,1,0
BRDA:25,2,0,0
BRDA:25,2,1,0
BRDA:43,3,0,0
BRDA:43,3,1,0
BRF:6
BRH:0
end_of_record
TN:
SF:src/app/services/term/index.ts
FNF:0
FNH:0
DA:1,1
LF:1
LH:1
BRF:0
BRH:0
end_of_record
TN:
SF:src/app/services/term/term.service.ts
FN:11,(anonymous_1)
FN:14,TermService
FN:18,(anonymous_3)
FN:22,(anonymous_4)
FN:26,(anonymous_5)
FN:30,(anonymous_6)
FN:31,(anonymous_7)
FNF:7
FNH:1
FNDA:1,(anonymous_1)
FNDA:0,TermService
FNDA:0,(anonymous_3)
FNDA:0,(anonymous_4)
FNDA:0,(anonymous_5)
FNDA:0,(anonymous_6)
FNDA:0,(anonymous_7)
DA:1,1
DA:2,1
DA:5,1
DA:7,1
DA:11,2
DA:12,0
DA:14,1
DA:18,1
DA:19,0
DA:22,1
DA:23,0
DA:26,1
DA:27,0
DA:30,1
DA:31,0
DA:33,1
LF:16
LH:11
BRDA:15,1,0,0
BRDA:15,1,1,0
BRF:2
BRH:0
end_of_record
TN:
SF:src/app/components/autocomplete-result/index.ts
FNF:0
FNH:0
DA:1,1
LF:1
LH:1
BRF:0
BRH:0
end_of_record
TN:
SF:src/app/components/autocomplete-result/autocomplete-result.component.ts
FN:14,(anonymous_1)
FN:23,AutocompleteResultComponent
FN:28,(anonymous_3)
FN:34,(anonymous_4)
FN:38,(anonymous_5)
FN:40,(anonymous_6)
FN:60,(anonymous_7)
FN:78,(anonymous_8)
FN:84,(anonymous_9)
FN:89,(anonymous_10)
FN:93,(anonymous_11)
FNF:11
FNH:1
FNDA:1,(anonymous_1)
FNDA:0,AutocompleteResultComponent
FNDA:0,(anonymous_3)
FNDA:0,(anonymous_4)
FNDA:0,(anonymous_5)
FNDA:0,(anonymous_6)
FNDA:0,(anonymous_7)
FNDA:0,(anonymous_8)
FNDA:0,(anonymous_9)
FNDA:0,(anonymous_10)
FNDA:0,(anonymous_11)
DA:1,1
DA:5,1
DA:6,1
DA:14,2
DA:15,1
DA:16,0
DA:17,0
DA:23,1
DA:24,0
DA:25,0
DA:28,1
DA:29,0
DA:31,0
DA:34,1
DA:35,0
DA:38,1
DA:39,0
DA:41,0
DA:42,0
DA:43,0
DA:45,0
DA:47,0
DA:48,0
DA:49,0
DA:50,0
DA:51,0
DA:52,0
DA:60,1
DA:61,0
DA:63,0
DA:65,0
DA:66,0
DA:68,0
DA:71,0
DA:74,0
DA:78,1
DA:79,0
DA:80,0
DA:84,1
DA:85,0
DA:86,0
DA:89,1
DA:90,0
DA:93,1
DA:94,0
DA:96,1
LF:46
LH:15
BRDA:41,1,0,0
BRDA:41,1,1,0
BRDA:47,2,0,0
BRDA:47,2,1,0
BRDA:62,3,0,0
BRDA:62,3,1,0
BRDA:65,4,0,0
BRDA:65,4,1,0
BRDA:79,5,0,0
BRDA:79,5,1,0
BRDA:24,6,0,1
BRDA:24,6,1,1
BRDA:24,6,2,0
BRDA:24,7,0,1
BRDA:24,7,1,1
BRF:15
BRH:4
end_of_record
TN:
SF:src/app/components/home/banner-art/index.ts
FNF:0
FNH:0
DA:1,1
LF:1
LH:1
BRF:0
BRH:0
end_of_record
TN:
SF:src/app/components/home/banner-art/banner-art.component.ts
FN:11,(anonymous_1)
FN:13,BannerArtComponent
FNF:2
FNH:2
FNDA:1,(anonymous_1)
FNDA:1,BannerArtComponent
DA:1,1
DA:11,2
DA:13,1
DA:14,1
LF:4
LH:4
BRF:0
BRH:0
end_of_record
TN:
SF:src/app/directives/external-link/index.ts
FNF:0
FNH:0
DA:1,1
LF:1
LH:1
BRF:0
BRH:0
end_of_record
TN:
SF:src/app/directives/external-link/external-link.directive.ts
FN:13,(anonymous_1)
FN:17,ExternalLinkDirective
FN:30,(anonymous_3)
FN:34,(anonymous_4)
FNF:4
FNH:4
FNDA:1,(anonymous_1)
FNDA:22,ExternalLinkDirective
FNDA:4,(anonymous_3)
FNDA:4,(anonymous_4)
DA:1,1
DA:2,1
DA:4,1
DA:13,2
DA:17,1
DA:18,22
DA:19,22
DA:20,22
DA:22,22
DA:30,1
DA:31,4
DA:34,1
DA:35,4
DA:37,4
DA:39,4
DA:40,2
DA:41,2
DA:42,2
DA:45,1
LF:19
LH:19
BRDA:39,1,0,2
BRDA:39,1,1,2
BRDA:18,2,0,1
BRDA:18,2,1,1
BRDA:18,2,2,0
BRDA:18,3,0,1
BRDA:18,3,1,1
BRDA:19,4,0,1
BRDA:19,4,1,1
BRDA:19,4,2,0
BRDA:19,5,0,1
BRDA:19,5,1,1
BRF:12
BRH:10
end_of_record
TN:
SF:src/app/services/modal/index.ts
FNF:0
FNH:0
DA:1,1
LF:1
LH:1
BRF:0
BRH:0
end_of_record
TN:
SF:src/app/services/modal/modal.service.ts
FN:6,(anonymous_1)
FN:4,ModalService
FN:12,(anonymous_3)
FNF:3
FNH:3
FNDA:1,(anonymous_1)
FNDA:23,ModalService
FNDA:5,(anonymous_3)
DA:1,1
DA:2,1
DA:4,1
DA:6,2
DA:7,23
DA:9,23
DA:12,1
DA:13,5
DA:15,1
LF:9
LH:9
BRF:0
BRH:0
end_of_record
TN:
SF:src/app/components/home/index.ts
FNF:0
FNH:0
DA:1,1
LF:1
LH:1
BRF:0
BRH:0
end_of_record
TN:
SF:src/app/components/home/home.component.ts
FN:14,(anonymous_1)
FN:17,HomeComponent
FNF:2
FNH:2
FNDA:1,(anonymous_1)
FNDA:1,HomeComponent
DA:1,1
DA:3,1
DA:4,1
DA:14,2
DA:15,1
DA:17,1
DA:18,1
DA:19,1
DA:20,1
DA:21,1
DA:22,1
DA:24,1
LF:12
LH:12
BRDA:18,1,0,1
BRDA:18,1,1,1
BRDA:18,1,2,0
BRDA:18,2,0,1
BRDA:18,2,1,1
BRF:5
BRH:4
end_of_record
TN:
SF:src/app/components/modal/index.ts
FNF:0
FNH:0
DA:1,1
LF:1
LH:1
BRF:0
BRH:0
end_of_record
TN:
SF:src/app/components/modal/modal.component.ts
FN:13,(anonymous_1)
FN:20,ModalComponent
FN:25,(anonymous_3)
FN:34,(anonymous_4)
FN:38,(anonymous_5)
FNF:5
FNH:5
FNDA:1,(anonymous_1)
FNDA:23,ModalComponent
FNDA:5,(anonymous_3)
FNDA:23,(anonymous_4)
FNDA:2,(anonymous_5)
DA:1,1
DA:2,1
DA:5,1
DA:13,2
DA:20,24
DA:21,23
DA:22,23
DA:24,23
DA:26,5
DA:27,5
DA:28,5
DA:29,5
DA:34,1
DA:35,23
DA:38,1
DA:39,2
DA:40,2
DA:42,1
LF:18
LH:18
BRDA:35,1,0,23
BRDA:35,1,1,0
BRDA:21,2,0,1
BRDA:21,2,1,1
BRDA:21,2,2,0
BRDA:21,3,0,1
BRDA:21,3,1,1
BRF:7
BRH:5
end_of_record
TN:
SF:src/app/components/repos-search/index.ts
FNF:0
FNH:0
DA:1,1
LF:1
LH:1
BRF:0
BRH:0
end_of_record
TN:
SF:src/app/components/repos-search/repos-search.component.ts
FN:24,(anonymous_1)
FN:29,ReposSearchComponent
FN:37,(anonymous_3)
FN:45,(anonymous_4)
FN:51,(anonymous_5)
FN:55,(anonymous_6)
FN:59,(anonymous_7)
FN:63,(anonymous_8)
FNF:8
FNH:5
FNDA:1,(anonymous_1)
FNDA:3,ReposSearchComponent
FNDA:0,(anonymous_3)
FNDA:0,(anonymous_4)
FNDA:0,(anonymous_5)
FNDA:1,(anonymous_6)
FNDA:1,(anonymous_7)
FNDA:1,(anonymous_8)
DA:1,1
DA:7,1
DA:14,1
DA:16,1
DA:24,2
DA:25,1
DA:26,3
DA:27,3
DA:29,1
DA:30,3
DA:31,3
DA:32,3
DA:37,1
DA:38,0
DA:39,0
DA:41,0
DA:45,1
DA:46,0
DA:51,1
DA:52,0
DA:55,1
DA:56,1
DA:59,1
DA:60,1
DA:63,1
DA:64,1
DA:66,1
LF:27
LH:22
BRDA:38,1,0,0
BRDA:38,1,1,0
BRDA:30,2,0,1
BRDA:30,2,1,1
BRDA:30,2,2,0
BRDA:30,3,0,1
BRDA:30,3,1,1
BRDA:31,4,0,1
BRDA:31,4,1,1
BRDA:31,4,2,0
BRDA:31,5,0,1
BRDA:31,5,1,1
BRF:12
BRH:8
end_of_record
TN:
SF:src/app/components/repo/index.ts
FNF:0
FNH:0
DA:1,1
LF:1
LH:1
BRF:0
BRH:0
end_of_record
TN:
SF:src/app/components/repo/repo.component.ts
FN:15,(anonymous_1)
FN:20,RepoComponent
FN:28,(anonymous_3)
FN:32,(anonymous_4)
FN:33,(anonymous_5)
FN:41,(anonymous_6)
FN:46,(anonymous_7)
FN:48,(anonymous_8)
FN:58,(anonymous_9)
FNF:9
FNH:7
FNDA:1,(anonymous_1)
FNDA:16,RepoComponent
FNDA:0,(anonymous_3)
FNDA:14,(anonymous_4)
FNDA:14,(anonymous_5)
FNDA:15,(anonymous_6)
FNDA:15,(anonymous_7)
FNDA:14,(anonymous_8)
FNDA:0,(anonymous_9)
DA:1,1
DA:2,1
DA:4,1
DA:6,1
DA:7,1
DA:15,2
DA:20,1
DA:21,16
DA:22,16
DA:23,16
DA:24,16
DA:25,16
DA:28,1
DA:29,0
DA:32,15
DA:33,14
DA:35,14
DA:37,14
DA:41,1
DA:42,15
DA:43,15
DA:46,16
DA:47,15
DA:49,14
DA:50,13
DA:51,13
DA:52,13
DA:53,13
DA:55,1
DA:59,0
DA:63,1
LF:31
LH:29
BRDA:42,1,0,14
BRDA:42,1,1,1
BRDA:43,2,0,14
BRDA:43,2,1,1
BRDA:49,3,0,13
BRDA:49,3,1,1
BRDA:21,4,0,1
BRDA:21,4,1,1
BRDA:21,4,2,0
BRDA:21,5,0,1
BRDA:21,5,1,1
BRDA:22,6,0,1
BRDA:22,6,1,1
BRDA:22,6,2,0
BRDA:22,7,0,1
BRDA:22,7,1,1
BRDA:23,8,0,1
BRDA:23,8,1,1
BRDA:23,8,2,0
BRDA:23,9,0,1
BRDA:23,9,1,1
BRDA:24,10,0,1
BRDA:24,10,1,1
BRDA:24,10,2,0
BRDA:24,11,0,1
BRDA:24,11,1,1
BRF:26
BRH:22
end_of_record
TN:
SF:src/app/services/repo/index.ts
FNF:0
FNH:0
DA:1,1
LF:1
LH:1
BRF:0
BRH:0
end_of_record
TN:
SF:src/app/services/repo/repo.service.ts
FN:9,(anonymous_1)
FN:12,RepoService
FN:14,(anonymous_3)
FN:17,(anonymous_4)
FNF:4
FNH:3
FNDA:1,(anonymous_1)
FNDA:15,RepoService
FNDA:1,(anonymous_3)
FNDA:0,(anonymous_4)
DA:1,1
DA:2,1
DA:5,1
DA:9,2
DA:12,15
DA:14,1
DA:15,1
DA:17,1
DA:19,1
LF:9
LH:9
BRF:0
BRH:0
end_of_record
TN:
SF:src/app/components/activity-list/index.ts
FNF:0
FNH:0
DA:1,1
LF:1
LH:1
BRF:0
BRH:0
end_of_record
TN:
SF:src/app/components/activity-list/activity-list.component.ts
FN:13,(anonymous_1)
FN:17,ActivityListComponent
FN:19,(anonymous_3)
FN:20,(anonymous_4)
FNF:4
FNH:4
FNDA:1,(anonymous_1)
FNDA:13,ActivityListComponent
FNDA:13,(anonymous_3)
FNDA:13,(anonymous_4)
DA:1,1
DA:13,2
DA:14,1
DA:17,1
DA:19,14
DA:20,13
DA:22,1
LF:7
LH:7
BRF:0
BRH:0
end_of_record
TN:
SF:src/app/pipes/is-defined/index.ts
FNF:0
FNH:0
DA:1,1
LF:1
LH:1
BRF:0
BRH:0
end_of_record
TN:
SF:src/app/pipes/is-defined/is-defined.pipe.ts
FN:19,(anonymous_1)
FN:30,(anonymous_3)
FN:41,(anonymous_4)
FN:54,(anonymous_5)
FNF:4
FNH:4
FNDA:46,(anonymous_1)
FNDA:104,(anonymous_3)
FNDA:15,(anonymous_4)
FNDA:7,(anonymous_5)
DA:1,1
DA:19,3
DA:30,1
DA:31,104
DA:32,15
DA:33,89
DA:34,7
DA:35,82
DA:36,18
DA:38,64
DA:41,1
DA:42,15
DA:43,15
DA:44,3
DA:45,12
DA:46,0
DA:48,12
DA:49,10
DA:54,1
DA:57,7
DA:58,2
DA:60,5
DA:61,4
DA:65,1
LF:24
LH:23
BRDA:31,1,0,15
BRDA:31,1,1,89
BRDA:33,2,0,7
BRDA:33,2,1,82
BRDA:35,3,0,18
BRDA:35,3,1,64
BRDA:43,4,0,3
BRDA:43,4,1,12
BRDA:45,5,0,0
BRDA:45,5,1,12
BRDA:48,6,0,10
BRDA:48,6,1,2
BRDA:57,7,0,2
BRDA:57,7,1,5
BRDA:60,8,0,4
BRDA:60,8,1,1
BRF:16
BRH:15
end_of_record
TN:
SF:src/app/directives/toggle-menu/toggle-menu.directive.ts
FN:15,(anonymous_1)
FN:19,ToggleMenuDirective
FN:26,(anonymous_3)
FN:36,(anonymous_4)
FN:40,(anonymous_5)
FN:46,(anonymous_6)
FNF:6
FNH:6
FNDA:1,(anonymous_1)
FNDA:2,ToggleMenuDirective
FNDA:4,(anonymous_3)
FNDA:2,(anonymous_4)
FNDA:2,(anonymous_5)
FNDA:2,(anonymous_6)
DA:1,1
DA:2,1
DA:6,1
DA:15,2
DA:19,3
DA:20,2
DA:21,2
DA:22,2
DA:24,2
DA:26,2
DA:27,4
DA:28,4
DA:30,0
DA:31,0
DA:32,0
DA:36,1
DA:37,2
DA:40,1
DA:41,2
DA:42,2
DA:43,2
DA:46,1
DA:47,2
DA:48,2
DA:50,1
LF:25
LH:22
BRDA:27,1,0,4
BRDA:27,1,1,0
BRDA:37,2,0,2
BRDA:37,2,1,0
BRDA:20,3,0,1
BRDA:20,3,1,1
BRDA:20,3,2,0
BRDA:20,4,0,1
BRDA:20,4,1,1
BRDA:21,5,0,1
BRDA:21,5,1,1
BRDA:21,5,2,0
BRDA:21,6,0,1
BRDA:21,6,1,1
BRF:14
BRH:10
end_of_record
TN:
SF:src/app/services/mobile/index.ts
FNF:0
FNH:0
DA:1,1
LF:1
LH:1
BRF:0
BRH:0
end_of_record
TN:
SF:src/app/services/mobile/mobile.service.ts
FN:6,(anonymous_1)
FN:11,MobileService
FN:15,(anonymous_3)
FN:19,(anonymous_4)
FN:24,(anonymous_5)
FNF:5
FNH:5
FNDA:1,(anonymous_1)
FNDA:4,MobileService
FNDA:1,(anonymous_3)
FNDA:2,(anonymous_4)
FNDA:2,(anonymous_5)
DA:1,1
DA:2,1
DA:6,2
DA:8,4
DA:9,4
DA:11,1
DA:12,4
DA:15,1
DA:16,1
DA:19,1
DA:20,2
DA:21,2
DA:24,1
DA:25,2
DA:26,2
DA:28,1
LF:16
LH:16
BRF:0
BRH:0
end_of_record
